TN:
SF:src\utils\api-client.js
FN:5,(anonymous_0)
FN:19,(anonymous_1)
FN:26,(anonymous_2)
FN:33,(anonymous_3)
FN:37,(anonymous_4)
FN:48,(anonymous_5)
FN:67,(anonymous_6)
FN:77,(anonymous_7)
FN:94,(anonymous_8)
FN:115,(anonymous_9)
FN:123,(anonymous_10)
FN:141,(anonymous_11)
FN:149,(anonymous_12)
FN:164,(anonymous_13)
FNF:14
FNH:13
FNDA:1,(anonymous_0)
FNDA:14,(anonymous_1)
FNDA:0,(anonymous_2)
FNDA:7,(anonymous_3)
FNDA:7,(anonymous_4)
FNDA:2,(anonymous_5)
FNDA:4,(anonymous_6)
FNDA:3,(anonymous_7)
FNDA:3,(anonymous_8)
FNDA:2,(anonymous_9)
FNDA:2,(anonymous_10)
FNDA:2,(anonymous_11)
FNDA:2,(anonymous_12)
FNDA:7,(anonymous_13)
DA:1,1
DA:6,1
DA:18,1
DA:20,14
DA:21,0
DA:23,14
DA:24,14
DA:27,0
DA:28,0
DA:32,1
DA:34,7
DA:35,7
DA:38,7
DA:39,7
DA:40,7
DA:41,7
DA:42,7
DA:45,1
DA:49,2
DA:51,2
DA:52,2
DA:55,2
DA:56,2
DA:58,2
DA:68,4
DA:69,4
DA:70,3
DA:73,1
DA:78,3
DA:79,3
DA:84,2
DA:85,2
DA:88,2
DA:90,1
DA:95,3
DA:97,3
DA:105,3
DA:111,2
DA:116,2
DA:117,2
DA:119,1
DA:124,2
DA:125,2
DA:127,2
DA:128,2
DA:129,2
DA:130,2
DA:131,2
DA:137,1
DA:142,2
DA:143,2
DA:145,1
DA:150,2
DA:151,2
DA:153,2
DA:160,1
DA:165,7
DA:166,7
DA:171,7
DA:174,0
DA:180,0
DA:184,1
LF:62
LH:57
BRDA:5,0,0,1
BRDA:5,1,0,1
BRDA:5,1,1,1
BRDA:20,2,0,0
BRDA:20,2,1,14
BRDA:20,3,0,14
BRDA:20,3,1,11
BRDA:38,4,0,7
BRDA:38,4,1,0
BRDA:39,5,0,7
BRDA:39,5,1,0
BRDA:40,6,0,7
BRDA:40,6,1,0
BRDA:69,7,0,3
BRDA:69,7,1,1
BRDA:84,8,0,2
BRDA:84,8,1,0
BRDA:103,9,0,0
BRDA:103,9,1,3
BRDA:127,10,0,2
BRDA:127,10,1,0
BRDA:128,11,0,0
BRDA:128,11,1,2
BRDA:129,12,0,0
BRDA:129,12,1,2
BRDA:130,13,0,0
BRDA:130,13,1,2
BRDA:165,14,0,7
BRDA:165,14,1,0
BRDA:169,15,0,7
BRDA:169,15,1,0
BRDA:169,15,2,0
BRF:32
BRH:19
end_of_record
